[2018-03-31T15:58:44.053] [ERROR] cheese - 页面丢了
[2018-03-31T16:01:55.813] [ERROR] cheese - 页面丢了
[2018-03-31T16:13:42.028] [ERROR] cheese - 页面丢了
[2018-03-31T16:19:58.948] [ERROR] cheese - 页面丢了
[2018-03-31T16:19:59.875] [ERROR] cheese - 页面丢了
[2018-03-31T16:20:00.682] [ERROR] cheese - 页面丢了
[2018-03-31T16:20:00.948] [ERROR] cheese - 页面丢了
[2018-03-31T16:20:01.176] [ERROR] cheese - 页面丢了
[2018-03-31T16:22:09.393] [ERROR] cheese - 页面丢了
[2018-03-31T16:22:10.129] [ERROR] cheese - 页面丢了
[2018-03-31T16:22:24.575] [ERROR] cheese - 页面丢了
[2018-03-31T16:22:25.395] [ERROR] cheese - 页面丢了
[2018-03-31T16:22:41.691] [ERROR] cheese - 页面丢了
[2018-03-31T16:24:20.883] [ERROR] cheese - 页面丢了
[2018-03-31T16:24:43.685] [ERROR] cheese - 页面丢了
[2018-03-31T16:25:31.669] [ERROR] cheese - 页面丢了
[2018-03-31T16:25:53.618] [ERROR] cheese - 页面丢了
[2018-03-31T16:27:10.162] [ERROR] cheese - 页面丢了
[2018-03-31T16:33:51.165] [ERROR] cheese - 页面丢了
[2018-03-31T16:37:12.661] [ERROR] cheese - 页面丢了
[2018-03-31T17:33:53.376] [ERROR] cheese - 页面丢了
[2018-03-31T17:34:11.213] [ERROR] cheese - 页面丢了
[2018-03-31T17:34:13.430] [ERROR] cheese - 页面丢了
[2018-03-31T18:08:51.876] [ERROR] cheese - { Error: ENOENT: no such file or directory, open '/Users/liufeifei/Desktop/test/build/views/index.html'
  errno: -2,
  code: 'ENOENT',
  syscall: 'open',
  path: '/Users/liufeifei/Desktop/test/build/views/index.html' }
[2018-03-31T18:09:12.733] [ERROR] cheese - 页面丢了
[2018-03-31T18:09:17.184] [ERROR] cheese - { Error: ENOENT: no such file or directory, open '/Users/liufeifei/Desktop/test/build/views/index.html'
  errno: -2,
  code: 'ENOENT',
  syscall: 'open',
  path: '/Users/liufeifei/Desktop/test/build/views/index.html' }
[2018-03-31T18:09:18.898] [ERROR] cheese - { Error: ENOENT: no such file or directory, open '/Users/liufeifei/Desktop/test/build/views/index.html'
  errno: -2,
  code: 'ENOENT',
  syscall: 'open',
  path: '/Users/liufeifei/Desktop/test/build/views/index.html' }
[2018-03-31T18:27:31.294] [ERROR] cheese - Error: Unexpected tag "data" on line 9 in file /Users/liufeifei/Desktop/test/build/views/index.html.
    at Object.exports.throwError (/Users/liufeifei/Desktop/test/node_modules/swig-templates/lib/utils.js:183:9)
    at parseTag (/Users/liufeifei/Desktop/test/node_modules/swig-templates/lib/parser.js:544:13)
    at /Users/liufeifei/Desktop/test/node_modules/swig-templates/lib/parser.js:640:15
    at Object.exports.each (/Users/liufeifei/Desktop/test/node_modules/swig-templates/lib/utils.js:45:11)
    at Object.exports.parse (/Users/liufeifei/Desktop/test/node_modules/swig-templates/lib/parser.js:624:9)
    at exports.Swig.parse (/Users/liufeifei/Desktop/test/node_modules/swig-templates/lib/swig.js:354:19)
    at exports.Swig.precompile (/Users/liufeifei/Desktop/test/node_modules/swig-templates/lib/swig.js:486:23)
    at exports.Swig.compile (/Users/liufeifei/Desktop/test/node_modules/swig-templates/lib/swig.js:605:16)
    at /Users/liufeifei/Desktop/test/node_modules/swig-templates/lib/swig.js:683:27
    at FSReqWrap.readFileAfterClose [as oncomplete] (fs.js:532:3)
[2018-03-31T18:34:03.009] [ERROR] cheese - 页面丢了
[2018-03-31T18:34:03.043] [ERROR] cheese - 页面丢了
[2018-03-31T18:35:55.274] [ERROR] cheese - 页面丢了
[2018-03-31T18:35:55.307] [ERROR] cheese - 页面丢了
[2018-03-31T18:36:53.100] [ERROR] cheese - 页面丢了
[2018-03-31T18:36:53.106] [ERROR] cheese - 页面丢了
[2018-03-31T18:37:29.471] [ERROR] cheese - 页面丢了
[2018-03-31T18:37:29.471] [ERROR] cheese - 页面丢了
[2018-03-31T18:37:56.434] [ERROR] cheese - 页面丢了
[2018-03-31T18:37:56.465] [ERROR] cheese - 页面丢了
[2018-03-31T18:41:33.192] [ERROR] cheese - 页面丢了
[2018-03-31T18:41:33.236] [ERROR] cheese - 页面丢了
[2018-03-31T18:42:00.156] [ERROR] cheese - 页面丢了
[2018-03-31T18:42:00.168] [ERROR] cheese - 页面丢了
[2018-03-31T18:43:32.361] [ERROR] cheese - 页面丢了
[2018-03-31T18:43:45.214] [ERROR] cheese - 页面丢了
[2018-03-31T20:09:54.824] [ERROR] cheese - 页面丢了
[2018-03-31T20:30:34.125] [ERROR] cheese - 页面丢了
